[INFO] Scanning for projects...
[INFO] 
[INFO] --------------------< com.anverraglobal:insurance >---------------------
[INFO] Building AnverraGlobal 0.0.1-SNAPSHOT
[INFO]   from pom.xml
[INFO] --------------------------------[ jar ]---------------------------------
[INFO] 
[INFO] >>> spring-boot:4.1.0:run (default-cli) > test-compile @ insurance >>>
[INFO] 
[INFO] --- resources:3.5.0:resources (default-resources) @ insurance ---
[INFO] Copying 4 resources from src/main/resources to target/classes
[INFO] Copying 6 resources from src/main/resources to target/classes
[INFO] 
[INFO] --- compiler:3.15.0:compile (default-compile) @ insurance ---
[INFO] Nothing to compile - all classes are up to date.
[INFO] 
[INFO] --- resources:3.5.0:testResources (default-testResources) @ insurance ---
[INFO] Copying 2 resources from src/test/resources to target/test-classes
[INFO] 
[INFO] --- compiler:3.15.0:testCompile (default-testCompile) @ insurance ---
[INFO] Recompiling the module because of changed source code.
[INFO] Compiling 9 source files with javac [debug parameters release 21] to target/test-classes
[INFO] 
[INFO] <<< spring-boot:4.1.0:run (default-cli) < test-compile @ insurance <<<
[INFO] 
[INFO] 
[INFO] --- spring-boot:4.1.0:run (default-cli) @ insurance ---
[INFO] Attaching agents: []

  .   ____          _            __ _ _
 /\\ / ___'_ __ _ _(_)_ __  __ _ \ \ \ \
( ( )\___ | '_ | '_| | '_ \/ _` | \ \ \ \
 \\/  ___)| |_)| | | | | || (_| |  ) ) ) )
  '  |____| .__|_| |_|_| |_\__, | / / / /
 =========|_|==============|___/=/_/_/_/

 :: Spring Boot ::                (v4.1.0)

2026-07-15T17:39:18.499+05:30  INFO 24834 --- [anverraglobal-api] [           main] c.a.insurance.AnverraGlobalApplication   : Starting AnverraGlobalApplication using Java 21.0.9 with PID 24834 (/Users/shashank/AnverraGlobal/AnverraInsureBackend/target/classes started by shashank in /Users/shashank/AnverraGlobal/AnverraInsureBackend)
2026-07-15T17:39:18.500+05:30 DEBUG 24834 --- [anverraglobal-api] [           main] c.a.insurance.AnverraGlobalApplication   : Running with Spring Boot v4.1.0, Spring v7.0.8
2026-07-15T17:39:18.500+05:30  INFO 24834 --- [anverraglobal-api] [           main] c.a.insurance.AnverraGlobalApplication   : The following 1 profile is active: "local"
2026-07-15T17:39:18.847+05:30  INFO 24834 --- [anverraglobal-api] [           main] .s.d.r.c.RepositoryConfigurationDelegate : Multiple Spring Data modules found, entering strict repository configuration mode
2026-07-15T17:39:18.847+05:30  INFO 24834 --- [anverraglobal-api] [           main] .s.d.r.c.RepositoryConfigurationDelegate : Bootstrapping Spring Data JPA repositories in DEFAULT mode.
2026-07-15T17:39:18.906+05:30  INFO 24834 --- [anverraglobal-api] [           main] .s.d.r.c.RepositoryConfigurationDelegate : Finished Spring Data repository scanning in 55 ms. Found 5 JPA repository interfaces.
2026-07-15T17:39:18.921+05:30  INFO 24834 --- [anverraglobal-api] [           main] .s.d.r.c.RepositoryConfigurationDelegate : Multiple Spring Data modules found, entering strict repository configuration mode
2026-07-15T17:39:18.921+05:30  INFO 24834 --- [anverraglobal-api] [           main] .s.d.r.c.RepositoryConfigurationDelegate : Bootstrapping Spring Data Redis repositories in DEFAULT mode.
2026-07-15T17:39:18.928+05:30  INFO 24834 --- [anverraglobal-api] [           main] .RepositoryConfigurationExtensionSupport : Spring Data Redis - Could not safely identify store assignment for repository candidate interface com.anverraglobal.insurance.auth.repository.MobileOtpRepository; If you want this repository to be a Redis repository, consider annotating your entities with one of these annotations: org.springframework.data.redis.core.RedisHash (preferred), or consider extending one of the following types with your repository: org.springframework.data.keyvalue.repository.KeyValueRepository
2026-07-15T17:39:18.928+05:30  INFO 24834 --- [anverraglobal-api] [           main] .RepositoryConfigurationExtensionSupport : Spring Data Redis - Could not safely identify store assignment for repository candidate interface com.anverraglobal.insurance.auth.repository.RefreshTokenRepository; If you want this repository to be a Redis repository, consider annotating your entities with one of these annotations: org.springframework.data.redis.core.RedisHash (preferred), or consider extending one of the following types with your repository: org.springframework.data.keyvalue.repository.KeyValueRepository
2026-07-15T17:39:18.928+05:30  INFO 24834 --- [anverraglobal-api] [           main] .RepositoryConfigurationExtensionSupport : Spring Data Redis - Could not safely identify store assignment for repository candidate interface com.anverraglobal.insurance.auth.repository.UserProfileRepository; If you want this repository to be a Redis repository, consider annotating your entities with one of these annotations: org.springframework.data.redis.core.RedisHash (preferred), or consider extending one of the following types with your repository: org.springframework.data.keyvalue.repository.KeyValueRepository
2026-07-15T17:39:18.928+05:30  INFO 24834 --- [anverraglobal-api] [           main] .RepositoryConfigurationExtensionSupport : Spring Data Redis - Could not safely identify store assignment for repository candidate interface com.anverraglobal.insurance.auth.repository.UserRepository; If you want this repository to be a Redis repository, consider annotating your entities with one of these annotations: org.springframework.data.redis.core.RedisHash (preferred), or consider extending one of the following types with your repository: org.springframework.data.keyvalue.repository.KeyValueRepository
2026-07-15T17:39:18.929+05:30  INFO 24834 --- [anverraglobal-api] [           main] .RepositoryConfigurationExtensionSupport : Spring Data Redis - Could not safely identify store assignment for repository candidate interface com.anverraglobal.insurance.auth.repository.UserRoleRepository; If you want this repository to be a Redis repository, consider annotating your entities with one of these annotations: org.springframework.data.redis.core.RedisHash (preferred), or consider extending one of the following types with your repository: org.springframework.data.keyvalue.repository.KeyValueRepository
2026-07-15T17:39:18.929+05:30  INFO 24834 --- [anverraglobal-api] [           main] .s.d.r.c.RepositoryConfigurationDelegate : Finished Spring Data repository scanning in 3 ms. Found 0 Redis repository interfaces.
2026-07-15T17:39:19.237+05:30  INFO 24834 --- [anverraglobal-api] [           main] o.s.boot.tomcat.TomcatWebServer          : Tomcat initialized with port 8080 (http)
2026-07-15T17:39:19.243+05:30  INFO 24834 --- [anverraglobal-api] [           main] o.apache.catalina.core.StandardService   : Starting service [Tomcat]
2026-07-15T17:39:19.243+05:30  INFO 24834 --- [anverraglobal-api] [           main] o.apache.catalina.core.StandardEngine    : Starting Servlet engine: [Apache Tomcat/11.0.22]
2026-07-15T17:39:19.268+05:30  INFO 24834 --- [anverraglobal-api] [           main] b.w.c.s.WebApplicationContextInitializer : Root WebApplicationContext: initialization completed in 749 ms
2026-07-15T17:39:19.374+05:30  INFO 24834 --- [anverraglobal-api] [           main] com.zaxxer.hikari.HikariDataSource       : HikariPool-1 - Starting...
2026-07-15T17:39:19.436+05:30  INFO 24834 --- [anverraglobal-api] [           main] com.zaxxer.hikari.pool.HikariPool        : HikariPool-1 - Added connection org.postgresql.jdbc.PgConnection@79273a4f
2026-07-15T17:39:19.436+05:30  INFO 24834 --- [anverraglobal-api] [           main] com.zaxxer.hikari.HikariDataSource       : HikariPool-1 - Start completed.
2026-07-15T17:39:19.497+05:30  INFO 24834 --- [anverraglobal-api] [           main] liquibase.database                       : Set default schema name to public
2026-07-15T17:39:20.682+05:30  INFO 24834 --- [anverraglobal-api] [           main] liquibase.changelog                      : Reading from public.databasechangelog
2026-07-15T17:39:20.788+05:30  INFO 24834 --- [anverraglobal-api] [           main] liquibase.ui                             : Database is up to date, no changesets to execute
2026-07-15T17:39:20.789+05:30  INFO 24834 --- [anverraglobal-api] [           main] liquibase.changelog                      : Reading from public.databasechangelog
2026-07-15T17:39:20.793+05:30  INFO 24834 --- [anverraglobal-api] [           main] liquibase.util                           : UPDATE SUMMARY
2026-07-15T17:39:20.793+05:30  INFO 24834 --- [anverraglobal-api] [           main] liquibase.util                           : Run:                          0
2026-07-15T17:39:20.793+05:30  INFO 24834 --- [anverraglobal-api] [           main] liquibase.util                           : Previously run:               7
2026-07-15T17:39:20.793+05:30  INFO 24834 --- [anverraglobal-api] [           main] liquibase.util                           : Filtered out:                 0
2026-07-15T17:39:20.793+05:30  INFO 24834 --- [anverraglobal-api] [           main] liquibase.util                           : -------------------------------
2026-07-15T17:39:20.793+05:30  INFO 24834 --- [anverraglobal-api] [           main] liquibase.util                           : Total change sets:            7
2026-07-15T17:39:20.793+05:30  INFO 24834 --- [anverraglobal-api] [           main] liquibase.util                           : Update summary generated
2026-07-15T17:39:20.794+05:30  INFO 24834 --- [anverraglobal-api] [           main] liquibase.command                        : Command execution complete
2026-07-15T17:39:20.841+05:30  INFO 24834 --- [anverraglobal-api] [           main] org.hibernate.orm.jpa                    : HHH008540: Processing PersistenceUnitInfo [name: default]
2026-07-15T17:39:20.861+05:30  INFO 24834 --- [anverraglobal-api] [           main] org.hibernate.orm.core                   : HHH000001: Hibernate ORM core version 7.4.1.Final
2026-07-15T17:39:21.005+05:30  INFO 24834 --- [anverraglobal-api] [           main] o.s.o.j.p.SpringPersistenceUnitInfo      : No LoadTimeWeaver setup: ignoring JPA class transformer
2026-07-15T17:39:21.037+05:30  INFO 24834 --- [anverraglobal-api] [           main] org.hibernate.orm.connections.pooling    : HHH10001005: Database info:
	Database JDBC URL [jdbc:postgresql://localhost:5432/anverraglobal]
	Database driver: PostgreSQL JDBC Driver
	Database dialect: PostgreSQLDialect
	Database version: 16.14
	Default catalog/schema: anverraglobal/public
	Autocommit mode: undefined/unknown
	Isolation level: READ_COMMITTED [default READ_COMMITTED]
	JDBC fetch size: none
	Pool: DataSourceConnectionProvider
	Minimum pool size: undefined/unknown
	Maximum pool size: undefined/unknown
2026-07-15T17:39:21.448+05:30  INFO 24834 --- [anverraglobal-api] [           main] org.hibernate.orm.core                   : HHH000489: No JTA platform available (set 'hibernate.transaction.jta.platform' to enable JTA platform integration)
2026-07-15T17:39:21.473+05:30  INFO 24834 --- [anverraglobal-api] [           main] j.LocalContainerEntityManagerFactoryBean : Initialized JPA EntityManagerFactory for persistence unit 'default'
2026-07-15T17:39:21.507+05:30  INFO 24834 --- [anverraglobal-api] [           main] o.s.d.j.r.query.QueryEnhancerFactories   : Hibernate is in classpath; If applicable, HQL parser will be used.
2026-07-15T17:39:21.895+05:30  WARN 24834 --- [anverraglobal-api] [           main] i.n.r.d.DnsServerAddressStreamProviders  : Can not find io.netty.resolver.dns.macos.MacOSDnsServerAddressStreamProvider in the classpath, fallback to system defaults. This may result in incorrect DNS resolutions on MacOS. Check whether you have a dependency on 'io.netty:netty-resolver-dns-native-macos'
2026-07-15T17:39:22.024+05:30 DEBUG 24834 --- [anverraglobal-api] [           main] c.a.i.security.JwtAuthenticationFilter   : Filter 'jwtAuthenticationFilter' configured for use
2026-07-15T17:39:22.025+05:30 DEBUG 24834 --- [anverraglobal-api] [           main] c.a.insurance.security.RateLimitFilter   : Filter 'rateLimitFilter' configured for use
2026-07-15T17:39:22.047+05:30  INFO 24834 --- [anverraglobal-api] [           main] r$InitializeUserDetailsManagerConfigurer : Global AuthenticationManager configured with UserDetailsService bean with name customUserDetailsService
2026-07-15T17:39:22.158+05:30  WARN 24834 --- [anverraglobal-api] [           main] JpaBaseConfiguration$JpaWebConfiguration : spring.jpa.open-in-view is enabled by default. Therefore, database queries may be performed during view rendering. Explicitly configure spring.jpa.open-in-view to disable this warning
2026-07-15T17:39:22.615+05:30  INFO 24834 --- [anverraglobal-api] [           main] o.s.b.a.e.web.EndpointLinksResolver      : Exposing 3 endpoints beneath base path '/actuator'
2026-07-15T17:39:22.661+05:30  INFO 24834 --- [anverraglobal-api] [           main] o.s.boot.tomcat.TomcatWebServer          : Tomcat started on port 8080 (http) with context path '/'
2026-07-15T17:39:22.666+05:30  INFO 24834 --- [anverraglobal-api] [           main] c.a.insurance.AnverraGlobalApplication   : Started AnverraGlobalApplication in 4.309 seconds (process running for 4.442)
2026-07-15T17:39:38.586+05:30  INFO 24834 --- [anverraglobal-api] [nio-8080-exec-1] o.a.c.c.C.[Tomcat].[localhost].[/]       : Initializing Spring DispatcherServlet 'dispatcherServlet'
2026-07-15T17:39:38.586+05:30  INFO 24834 --- [anverraglobal-api] [nio-8080-exec-1] o.s.web.servlet.DispatcherServlet        : Initializing Servlet 'dispatcherServlet'
2026-07-15T17:39:38.587+05:30  INFO 24834 --- [anverraglobal-api] [nio-8080-exec-1] o.s.web.servlet.DispatcherServlet        : Completed initialization in 1 ms
Hibernate: 
    select
        u1_0.id 
    from
        users u1_0 
    where
        u1_0.phone=? 
    fetch
        first ? rows only
2026-07-15T17:39:38.884+05:30  INFO 24834 --- [anverraglobal-api] [nio-8080-exec-1] c.a.insurance.service.OtpService         : Generated OTP for 8888888888: 530116
[INFO] ------------------------------------------------------------------------
[INFO] BUILD FAILURE
[INFO] ------------------------------------------------------------------------
[INFO] Total time:  33.904 s
[INFO] Finished at: 2026-07-15T17:39:50+05:30
[INFO] ------------------------------------------------------------------------
[ERROR] Failed to execute goal org.springframework.boot:spring-boot-maven-plugin:4.1.0:run (default-cli) on project insurance: Process terminated with exit code: 137 -> [Help 1]
[ERROR] 
[ERROR] To see the full stack trace of the errors, re-run Maven with the -e switch.
[ERROR] Re-run Maven using the -X switch to enable full debug logging.
[ERROR] 
[ERROR] For more information about the errors and possible solutions, please read the following articles:
[ERROR] [Help 1] http://cwiki.apache.org/confluence/display/MAVEN/MojoExecutionException
